{"contracts/MockV3Aggregator.sol":{"l":{},"path":"/home/soyboy/Code/cl-hackathon-hardhat-testing/contracts/MockV3Aggregator.sol","s":{},"b":{},"f":{},"fnMap":{},"statementMap":{},"branchMap":{}},"contracts/MyFirstContract.sol":{"l":{"11":3,"12":3,"16":4,"20":2,"24":1,"31":1},"path":"/home/soyboy/Code/cl-hackathon-hardhat-testing/contracts/MyFirstContract.sol","s":{"1":3,"2":3,"3":4,"4":2,"5":1,"6":1},"b":{},"f":{"1":3,"2":4,"3":2,"4":1},"fnMap":{"1":{"name":"constructor","line":10,"loc":{"start":{"line":10,"column":4},"end":{"line":13,"column":4}}},"2":{"name":"setNumber","line":15,"loc":{"start":{"line":15,"column":4},"end":{"line":17,"column":4}}},"3":{"name":"getNumber","line":19,"loc":{"start":{"line":19,"column":4},"end":{"line":21,"column":4}}},"4":{"name":"getLatestPrice","line":23,"loc":{"start":{"line":23,"column":4},"end":{"line":32,"column":4}}}},"statementMap":{"1":{"start":{"line":11,"column":8},"end":{"line":11,"column":52}},"2":{"start":{"line":12,"column":8},"end":{"line":12,"column":17}},"3":{"start":{"line":16,"column":8},"end":{"line":16,"column":20}},"4":{"start":{"line":20,"column":8},"end":{"line":20,"column":21}},"5":{"start":{"line":24,"column":8},"end":{"line":24,"column":590}},"6":{"start":{"line":31,"column":8},"end":{"line":31,"column":20}}},"branchMap":{}},"contracts/RandomNumber.Consumer.sol":{"l":{"37":0,"38":0,"45":0,"46":0,"53":0},"path":"/home/soyboy/Code/cl-hackathon-hardhat-testing/contracts/RandomNumber.Consumer.sol","s":{"1":0,"2":0,"3":0,"4":0,"5":0},"b":{"1":[0,0]},"f":{"1":0,"2":0,"3":0},"fnMap":{"1":{"name":"constructor","line":35,"loc":{"start":{"line":31,"column":4},"end":{"line":39,"column":4}}},"2":{"name":"getRandomNumber","line":44,"loc":{"start":{"line":44,"column":4},"end":{"line":47,"column":4}}},"3":{"name":"fulfillRandomness","line":52,"loc":{"start":{"line":52,"column":4},"end":{"line":54,"column":4}}}},"statementMap":{"1":{"start":{"line":37,"column":8},"end":{"line":37,"column":83}},"2":{"start":{"line":38,"column":8},"end":{"line":38,"column":27}},"3":{"start":{"line":45,"column":8},"end":{"line":45,"column":99}},"4":{"start":{"line":46,"column":8},"end":{"line":46,"column":46}},"5":{"start":{"line":53,"column":8},"end":{"line":53,"column":32}}},"branchMap":{"1":{"line":45,"type":"if","locations":[{"start":{"line":45,"column":8},"end":{"line":45,"column":8}},{"start":{"line":45,"column":8},"end":{"line":45,"column":8}}]}}}}