TN:
SF:/home/soyboy/Code/cl-hackathon-hardhat-testing/contracts/MockV3Aggregator.sol
FNF:0
FNH:0
LF:0
LH:0
BRF:0
BRH:0
end_of_record
TN:
SF:/home/soyboy/Code/cl-hackathon-hardhat-testing/contracts/MyFirstContract.sol
FN:10,constructor
FN:15,setNumber
FN:19,getNumber
FN:23,getLatestPrice
FNF:4
FNH:4
FNDA:3,constructor
FNDA:4,setNumber
FNDA:2,getNumber
FNDA:1,getLatestPrice
DA:11,3
DA:12,3
DA:16,4
DA:20,2
DA:24,1
DA:31,1
LF:6
LH:6
BRF:0
BRH:0
end_of_record
TN:
SF:/home/soyboy/Code/cl-hackathon-hardhat-testing/contracts/RandomNumber.Consumer.sol
FN:35,constructor
FN:44,getRandomNumber
FN:52,fulfillRandomness
FNF:3
FNH:0
FNDA:0,constructor
FNDA:0,getRandomNumber
FNDA:0,fulfillRandomness
DA:37,0
DA:38,0
DA:45,0
DA:46,0
DA:53,0
LF:5
LH:0
BRDA:45,1,0,0
BRDA:45,1,1,0
BRF:2
BRH:0
end_of_record
